<?xml version="1.0" encoding="UTF-8"?>
<testng-results ignored="0" total="1" passed="1" failed="0" skipped="0">
  <reporter-output>
  </reporter-output>
  <suite started-at="2022-11-26T19:49:35 IST" name="Default suite" finished-at="2022-11-26T19:50:17 IST" duration-ms="41600">
    <groups>
    </groups>
    <test started-at="2022-11-26T19:49:35 IST" name="Default test" finished-at="2022-11-26T19:50:17 IST" duration-ms="41600">
      <class name="testScripts.TrialonSouled">
        <test-method is-config="true" signature="openApp()[pri:0, instance:testScripts.TrialonSouled@6a370f4]" started-at="2022-11-26T19:49:36 IST" name="openApp" finished-at="2022-11-26T19:49:49 IST" duration-ms="13237" status="PASS">
          <reporter-output>
          </reporter-output>
        </test-method> <!-- openApp -->
        <test-method signature="test01()[pri:0, instance:testScripts.TrialonSouled@6a370f4]" started-at="2022-11-26T19:49:49 IST" name="test01" finished-at="2022-11-26T19:50:15 IST" duration-ms="26409" status="PASS">
          <reporter-output>
          </reporter-output>
        </test-method> <!-- test01 -->
        <test-method is-config="true" signature="closeApp()[pri:0, instance:testScripts.TrialonSouled@6a370f4]" started-at="2022-11-26T19:50:15 IST" name="closeApp" finished-at="2022-11-26T19:50:17 IST" duration-ms="1856" status="PASS">
          <reporter-output>
          </reporter-output>
        </test-method> <!-- closeApp -->
      </class> <!-- testScripts.TrialonSouled -->
    </test> <!-- Default test -->
  </suite> <!-- Default suite -->
</testng-results>
